Using pre-set license
Built from '2020.3/staging' branch; Version is '2020.3.29f1 (2ff179115da0) revision 3142009'; Using compiler version '192528614'; Build Type 'Release'
OS: 'Windows 10  (10.0.19044) 64bit Education' Language: 'ja' Physical Memory: 8056 MB
BatchMode: 1, IsHumanControllingUs: 0, StartBugReporterOnCrash: 0, Is64bit: 1, IsPro: 0

COMMAND LINE ARGUMENTS:
C:\Program Files\Unity\Hub\Editor\2020.3.29f1\Editor\Unity.exe
-adb2
-batchMode
-noUpm
-name
AssetImportWorker1
-projectPath
C:/Users/2011009/Desktop/Game/100manyen
-logFile
Logs/AssetImportWorker1.log
-srvPort
55983
Successfully changed project path to: C:/Users/2011009/Desktop/Game/100manyen
C:/Users/2011009/Desktop/Game/100manyen
Using Asset Import Pipeline V2.
Refreshing native plugins compatible for Editor in 68.72 ms, found 3 plugins.
Preloading 0 native plugins for Editor in 0.00 ms.
Initialize engine version: 2020.3.29f1 (2ff179115da0)
[Subsystems] Discovering subsystems at path C:/Program Files/Unity/Hub/Editor/2020.3.29f1/Editor/Data/Resources/UnitySubsystems
[Subsystems] Discovering subsystems at path C:/Users/2011009/Desktop/Game/100manyen/Assets
GfxDevice: creating device client; threaded=0
Direct3D:
    Version:  Direct3D 11.0 [level 11.1]
    Renderer: Intel(R) HD Graphics 530 (ID=0x1912)
    Vendor:   
    VRAM:     4028 MB
    Driver:   27.20.100.8681
Initialize mono
Mono path[0] = 'C:/Program Files/Unity/Hub/Editor/2020.3.29f1/Editor/Data/Managed'
Mono path[1] = 'C:/Program Files/Unity/Hub/Editor/2020.3.29f1/Editor/Data/MonoBleedingEdge/lib/mono/unityjit'
Mono config path = 'C:/Program Files/Unity/Hub/Editor/2020.3.29f1/Editor/Data/MonoBleedingEdge/etc'
Using monoOptions --debugger-agent=transport=dt_socket,embedding=1,server=y,suspend=n,address=127.0.0.1:56676
Begin MonoManager ReloadAssembly
Registering precompiled unity dll's ...
Register platform support module: C:/Program Files/Unity/Hub/Editor/2020.3.29f1/Editor/Data/PlaybackEngines/WindowsStandaloneSupport/UnityEditor.WindowsStandalone.Extensions.dll
Registered in 0.002790 seconds.
Native extension for WindowsStandalone target not found
Refreshing native plugins compatible for Editor in 54.30 ms, found 3 plugins.
Preloading 0 native plugins for Editor in 0.00 ms.
Mono: successfully reloaded assembly
- Completed reload, in  0.714 seconds
Domain Reload Profiling:
	ReloadAssembly (714ms)
		BeginReloadAssembly (82ms)
			ExecutionOrderSort (0ms)
			DisableScriptedObjects (0ms)
			BackupInstance (0ms)
			ReleaseScriptingObjects (0ms)
			CreateAndSetChildDomain (1ms)
		EndReloadAssembly (541ms)
			LoadAssemblies (79ms)
			RebuildTransferFunctionScriptingTraits (0ms)
			SetupTypeCache (175ms)
			ReleaseScriptCaches (0ms)
			RebuildScriptCaches (35ms)
			SetupLoadedEditorAssemblies (205ms)
				LogAssemblyErrors (0ms)
				InitializePlatformSupportModulesInManaged (5ms)
				SetLoadedEditorAssemblies (0ms)
				RefreshPlugins (54ms)
				BeforeProcessingInitializeOnLoad (20ms)
				ProcessInitializeOnLoadAttributes (93ms)
				ProcessInitializeOnLoadMethodAttributes (32ms)
				AfterProcessingInitializeOnLoad (0ms)
				EditorAssembliesLoaded (0ms)
			ExecutionOrderSort2 (0ms)
			AwakeInstancesAfterBackupRestoration (0ms)
Platform modules already initialized, skipping
Registering precompiled user dll's ...
Registered in 0.004980 seconds.
Begin MonoManager ReloadAssembly
Native extension for WindowsStandalone target not found
Refreshing native plugins compatible for Editor in 51.39 ms, found 3 plugins.
Preloading 0 native plugins for Editor in 0.00 ms.
Mono: successfully reloaded assembly
- Completed reload, in  2.458 seconds
Domain Reload Profiling:
	ReloadAssembly (2460ms)
		BeginReloadAssembly (171ms)
			ExecutionOrderSort (0ms)
			DisableScriptedObjects (5ms)
			BackupInstance (0ms)
			ReleaseScriptingObjects (0ms)
			CreateAndSetChildDomain (20ms)
		EndReloadAssembly (2184ms)
			LoadAssemblies (1115ms)
			RebuildTransferFunctionScriptingTraits (0ms)
			SetupTypeCache (362ms)
			ReleaseScriptCaches (0ms)
			RebuildScriptCaches (55ms)
			SetupLoadedEditorAssemblies (510ms)
				LogAssemblyErrors (0ms)
				InitializePlatformSupportModulesInManaged (4ms)
				SetLoadedEditorAssemblies (0ms)
				RefreshPlugins (51ms)
				BeforeProcessingInitializeOnLoad (118ms)
				ProcessInitializeOnLoadAttributes (261ms)
				ProcessInitializeOnLoadMethodAttributes (65ms)
				AfterProcessingInitializeOnLoad (10ms)
				EditorAssembliesLoaded (0ms)
			ExecutionOrderSort2 (0ms)
			AwakeInstancesAfterBackupRestoration (7ms)
Platform modules already initialized, skipping
========================================================================
Worker process is ready to serve import requests
Launched and connected shader compiler UnityShaderCompiler.exe after 0.15 seconds
Refreshing native plugins compatible for Editor in 0.46 ms, found 3 plugins.
Preloading 0 native plugins for Editor in 0.00 ms.
Unloading 2204 Unused Serialized files (Serialized files now loaded: 0)
System memory in use before: 98.9 MB.
System memory in use after: 98.8 MB.

Unloading 31 unused Assets to reduce memory usage. Loaded Objects now: 2635.
Total: 4.890200 ms (FindLiveObjects: 0.159900 ms CreateObjectMapping: 0.089500 ms MarkObjects: 4.388200 ms  DeleteObjects: 0.251500 ms)

AssetImportParameters requested are different than current active one (requested -> active):
  custom:framework-win-MediaFoundation: 216162199b28c13a410421893ffa2e32 -> 
  custom:video-decoder-ogg-theora: a1e56fd34408186e4bbccfd4996cb3dc -> 
  custom:container-muxer-webm: aa71ff27fc2769a1b78a27578f13a17b -> 
  custom:container-demuxer-webm: 4f35f7cbe854078d1ac9338744f61a02 -> 
  custom:container-demuxer-ogg: 62fdf1f143b41e24485cea50d1cbac27 -> 
  custom:video-encoder-webm-vp8: eb34c28f22e8b96e1ab97ce403110664 -> 
  custom:video-decoder-webm-vp8: 9c59270c3fd7afecdb556c50c9e8de78 -> 
  custom:audio-decoder-ogg-vorbis: bf7c407c2cedff20999df2af8eb42d56 -> 
  custom:audio-encoder-webm-vorbis: bf7c407c2cedff20999df2af8eb42d56 -> 
========================================================================
Received Import Request.
  path: Assets/BackGround/BackGround/Room/Room_morning.jpg
  artifactKey: Guid(bd76de9ba2f6b5f439a1011b0e651670) Importer(815301076,1909f56bfc062723c751e8b465ee728b)
Start importing Assets/BackGround/BackGround/Room/Room_morning.jpg using Guid(bd76de9ba2f6b5f439a1011b0e651670) Importer(815301076,1909f56bfc062723c751e8b465ee728b)  -> (artifact id: '24ee7d092b3b3a481621982606c13095') in 0.200976 seconds 
  Import took 0.221095 seconds .

========================================================================
Received Import Request.
  Time since last request: 0.000453 seconds.
  path: Assets/Scenes/MainScene.unity
  artifactKey: Guid(dfbdb01176a6d774681475c3a7947bed) Importer(815301076,1909f56bfc062723c751e8b465ee728b)
Start importing Assets/Scenes/MainScene.unity using Guid(dfbdb01176a6d774681475c3a7947bed) Importer(815301076,1909f56bfc062723c751e8b465ee728b)  -> (artifact id: '8d62162c6d920e3e5f7d4983229491ea') in 0.021513 seconds 
  Import took 0.044193 seconds .

========================================================================
Received Import Request.
  Time since last request: 0.000431 seconds.
  path: Assets/BackGround/BackGround/Room/Room_night.jpg
  artifactKey: Guid(e5daa05348fde9e498c9eff98ac6413c) Importer(815301076,1909f56bfc062723c751e8b465ee728b)
Start importing Assets/BackGround/BackGround/Room/Room_night.jpg using Guid(e5daa05348fde9e498c9eff98ac6413c) Importer(815301076,1909f56bfc062723c751e8b465ee728b)  -> (artifact id: '1e3f2c35ca281b862b389c1aaf009f61') in 0.025237 seconds 
  Import took 0.047889 seconds .

========================================================================
Received Import Request.
  Time since last request: 0.000407 seconds.
  path: Assets/BackGround/BackGround/Room/Room_afternoon.jpg
  artifactKey: Guid(4853e9c2db0c2a24594b7625c72135cf) Importer(815301076,1909f56bfc062723c751e8b465ee728b)
Start importing Assets/BackGround/BackGround/Room/Room_afternoon.jpg using Guid(4853e9c2db0c2a24594b7625c72135cf) Importer(815301076,1909f56bfc062723c751e8b465ee728b)  -> (artifact id: 'b90f2125edeba3758d00860b44412997') in 0.023041 seconds 
  Import took 0.026598 seconds .

========================================================================
Received Import Request.
  Time since last request: 33.585971 seconds.
  path: Assets/Scenes/StartScene.unity
  artifactKey: Guid(1e23d1181e06a5c4ba4a44af46f0bac8) Importer(815301076,1909f56bfc062723c751e8b465ee728b)
Start importing Assets/Scenes/StartScene.unity using Guid(1e23d1181e06a5c4ba4a44af46f0bac8) Importer(815301076,1909f56bfc062723c751e8b465ee728b)  -> (artifact id: '6cbab710adbc3fbc3c147d4a1540e065') in 0.016772 seconds 
  Import took 0.022657 seconds .

========================================================================
Received Prepare
Registering precompiled user dll's ...
Registered in 0.004193 seconds.
Begin MonoManager ReloadAssembly
Native extension for WindowsStandalone target not found
Refreshing native plugins compatible for Editor in 0.48 ms, found 3 plugins.
Preloading 0 native plugins for Editor in 0.00 ms.
Mono: successfully reloaded assembly
- Completed reload, in  1.313 seconds
Domain Reload Profiling:
	ReloadAssembly (1313ms)
		BeginReloadAssembly (132ms)
			ExecutionOrderSort (0ms)
			DisableScriptedObjects (6ms)
			BackupInstance (0ms)
			ReleaseScriptingObjects (0ms)
			CreateAndSetChildDomain (38ms)
		EndReloadAssembly (1114ms)
			LoadAssemblies (117ms)
			RebuildTransferFunctionScriptingTraits (0ms)
			SetupTypeCache (492ms)
			ReleaseScriptCaches (1ms)
			RebuildScriptCaches (53ms)
			SetupLoadedEditorAssemblies (345ms)
				LogAssemblyErrors (0ms)
				InitializePlatformSupportModulesInManaged (5ms)
				SetLoadedEditorAssemblies (1ms)
				RefreshPlugins (1ms)
				BeforeProcessingInitializeOnLoad (98ms)
				ProcessInitializeOnLoadAttributes (219ms)
				ProcessInitializeOnLoadMethodAttributes (12ms)
				AfterProcessingInitializeOnLoad (10ms)
				EditorAssembliesLoaded (0ms)
			ExecutionOrderSort2 (0ms)
			AwakeInstancesAfterBackupRestoration (11ms)
Platform modules already initialized, skipping
Refreshing native plugins compatible for Editor in 0.54 ms, found 3 plugins.
Preloading 0 native plugins for Editor in 0.00 ms.
Unloading 2199 Unused Serialized files (Serialized files now loaded: 0)
System memory in use before: 101.8 MB.
System memory in use after: 101.7 MB.

Unloading 20 unused Assets to reduce memory usage. Loaded Objects now: 2643.
Total: 3.512200 ms (FindLiveObjects: 0.163000 ms CreateObjectMapping: 0.119700 ms MarkObjects: 3.074000 ms  DeleteObjects: 0.154900 ms)

AssetImportParameters requested are different than current active one (requested -> active):
  custom:framework-win-MediaFoundation: 216162199b28c13a410421893ffa2e32 -> 
  custom:video-decoder-ogg-theora: a1e56fd34408186e4bbccfd4996cb3dc -> 
  custom:container-muxer-webm: aa71ff27fc2769a1b78a27578f13a17b -> 
  custom:container-demuxer-webm: 4f35f7cbe854078d1ac9338744f61a02 -> 
  custom:container-demuxer-ogg: 62fdf1f143b41e24485cea50d1cbac27 -> 
  custom:video-encoder-webm-vp8: eb34c28f22e8b96e1ab97ce403110664 -> 
  custom:video-decoder-webm-vp8: 9c59270c3fd7afecdb556c50c9e8de78 -> 
  custom:audio-decoder-ogg-vorbis: bf7c407c2cedff20999df2af8eb42d56 -> 
  custom:audio-encoder-webm-vorbis: bf7c407c2cedff20999df2af8eb42d56 -> 
========================================================================
Received Import Request.
  Time since last request: 821.683455 seconds.
  path: Assets/Scenes/MainScene.unity
  artifactKey: Guid(dfbdb01176a6d774681475c3a7947bed) Importer(815301076,1909f56bfc062723c751e8b465ee728b)
Start importing Assets/Scenes/MainScene.unity using Guid(dfbdb01176a6d774681475c3a7947bed) Importer(815301076,1909f56bfc062723c751e8b465ee728b)  -> (artifact id: 'f3a2e0807a96ff4c5a3223f6fba167e2') in 0.017923 seconds 
  Import took 0.035795 seconds .

========================================================================
Received Import Request.
  Time since last request: 2126.735943 seconds.
  path: Assets/BackGround/BackGround
  artifactKey: Guid(4b409d519a60e9c4eb5f241f09ea5446) Importer(815301076,1909f56bfc062723c751e8b465ee728b)
Start importing Assets/BackGround/BackGround using Guid(4b409d519a60e9c4eb5f241f09ea5446) Importer(815301076,1909f56bfc062723c751e8b465ee728b)  -> (artifact id: '8e1cb6ab1af48e08c165d634d9231935') in 0.016440 seconds 
  Import took 0.021510 seconds .

========================================================================
Received Import Request.
  Time since last request: 21.141118 seconds.
  path: Assets/BackGround/BackGround/ActionBackGround
  artifactKey: Guid(84901dfb8650d7540a12c8b058a42190) Importer(815301076,1909f56bfc062723c751e8b465ee728b)
Start importing Assets/BackGround/BackGround/ActionBackGround using Guid(84901dfb8650d7540a12c8b058a42190) Importer(815301076,1909f56bfc062723c751e8b465ee728b)  -> (artifact id: 'bde5c0dcd12de2db45c68eb0c5d9d44a') in 0.011498 seconds 
  Import took 0.019414 seconds .

========================================================================
Received Import Request.
  Time since last request: 29.817328 seconds.
  path: Assets/BackGround/BackGround/ActionBackGround/adpDSC_8461.jpg
  artifactKey: Guid(e2370b7cee0e0cd48a92217b3a074d8c) Importer(815301076,1909f56bfc062723c751e8b465ee728b)
Start importing Assets/BackGround/BackGround/ActionBackGround/adpDSC_8461.jpg using Guid(e2370b7cee0e0cd48a92217b3a074d8c) Importer(815301076,1909f56bfc062723c751e8b465ee728b)  -> (artifact id: 'f2e1dc9d3eb9280ed059af16b5484246') in 0.204900 seconds 
  Import took 0.211850 seconds .

========================================================================
Received Import Request.
  Time since last request: 22.400106 seconds.
  path: Assets/BackGround/BackGround/ActionBackGround/Pachinko.jpg
  artifactKey: Guid(722099304a7dc34468ad403d17db44c2) Importer(815301076,1909f56bfc062723c751e8b465ee728b)
Start importing Assets/BackGround/BackGround/ActionBackGround/Pachinko.jpg using Guid(722099304a7dc34468ad403d17db44c2) Importer(815301076,1909f56bfc062723c751e8b465ee728b)  -> (artifact id: 'e78c88c9ef4e57874baa06f2546d2bbe') in 0.021482 seconds 
  Import took 0.028866 seconds .

========================================================================
Received Import Request.
  Time since last request: 1613.037187 seconds.
  path: Assets/BackGround/BackGround/ActionBackGround/HorseRace.jpg
  artifactKey: Guid(779663f8f6b100b4eb1b7b53ea4a14f1) Importer(815301076,1909f56bfc062723c751e8b465ee728b)
Start importing Assets/BackGround/BackGround/ActionBackGround/HorseRace.jpg using Guid(779663f8f6b100b4eb1b7b53ea4a14f1) Importer(815301076,1909f56bfc062723c751e8b465ee728b)  -> (artifact id: '0981d130d7e62062ed9f4f7171416dee') in 0.547099 seconds 
  Import took 0.554132 seconds .

========================================================================
Received Import Request.
  Time since last request: 913.943452 seconds.
  path: Assets/BackGround/BackGround/ActionBackGround/BicycleRace.jpg
  artifactKey: Guid(da9bb2320848a6649984c368fe15438c) Importer(815301076,1909f56bfc062723c751e8b465ee728b)
Start importing Assets/BackGround/BackGround/ActionBackGround/BicycleRace.jpg using Guid(da9bb2320848a6649984c368fe15438c) Importer(815301076,1909f56bfc062723c751e8b465ee728b)  -> (artifact id: 'e9a666e5df3c979b2d0b253b94f3514c') in 0.054121 seconds 
  Import took 0.064399 seconds .

========================================================================
Received Import Request.
  Time since last request: 399.269689 seconds.
  path: Assets/BackGround/BackGround/ActionBackGround/Boutrace.jpg
  artifactKey: Guid(bbb6233fb395b8f419a50ede4c63ccac) Importer(815301076,1909f56bfc062723c751e8b465ee728b)
Start importing Assets/BackGround/BackGround/ActionBackGround/Boutrace.jpg using Guid(bbb6233fb395b8f419a50ede4c63ccac) Importer(815301076,1909f56bfc062723c751e8b465ee728b)  -> (artifact id: 'f0d62e3d69408312ea958c509ddbd183') in 0.023263 seconds 
  Import took 0.031038 seconds .

========================================================================
Received Import Request.
  Time since last request: 457.469933 seconds.
  path: Assets/BackGround/BackGround/ActionBackGround/Work.jpg
  artifactKey: Guid(577be626c8d1fac41ad9422af936d6fe) Importer(815301076,1909f56bfc062723c751e8b465ee728b)
Start importing Assets/BackGround/BackGround/ActionBackGround/Work.jpg using Guid(577be626c8d1fac41ad9422af936d6fe) Importer(815301076,1909f56bfc062723c751e8b465ee728b)  -> (artifact id: '467fd4159447a2ef70e2c1fa450032b1') in 0.034652 seconds 
  Import took 0.043112 seconds .

========================================================================
Received Import Request.
  Time since last request: 553.854431 seconds.
  path: Assets/BackGround/BackGround/ActionBackGround/Eat.jpg
  artifactKey: Guid(b0b61a7a24add2543b6025e594151009) Importer(815301076,1909f56bfc062723c751e8b465ee728b)
Start importing Assets/BackGround/BackGround/ActionBackGround/Eat.jpg using Guid(b0b61a7a24add2543b6025e594151009) Importer(815301076,1909f56bfc062723c751e8b465ee728b)  -> (artifact id: 'caed4f0156b0916c319e9c0961fe0a59') in 0.034963 seconds 
  Import took 0.042591 seconds .

========================================================================
Received Import Request.
  Time since last request: 231.134622 seconds.
  path: Assets/BackGround/BackGround/ActionBackGround/Eat 1.jpg
  artifactKey: Guid(5d8d623c74cf44a469cd535b03262055) Importer(815301076,1909f56bfc062723c751e8b465ee728b)
Start importing Assets/BackGround/BackGround/ActionBackGround/Eat 1.jpg using Guid(5d8d623c74cf44a469cd535b03262055) Importer(815301076,1909f56bfc062723c751e8b465ee728b)  -> (artifact id: '8990decee4c0a7594545d6943cb8f1d0') in 0.024576 seconds 
  Import took 0.031919 seconds .

========================================================================
Received Import Request.
  Time since last request: 281.198729 seconds.
  path: Assets/BackGround/BackGround/ActionBackGround/Sleep.jpg
  artifactKey: Guid(4a423e0ddad49044195df7ea5da6b9fa) Importer(815301076,1909f56bfc062723c751e8b465ee728b)
Start importing Assets/BackGround/BackGround/ActionBackGround/Sleep.jpg using Guid(4a423e0ddad49044195df7ea5da6b9fa) Importer(815301076,1909f56bfc062723c751e8b465ee728b)  -> (artifact id: '647906e6a358b9795387809d63aa42de') in 0.023571 seconds 
  Import took 0.031744 seconds .

========================================================================
Received Import Request.
  Time since last request: 238.681525 seconds.
  path: Assets/BackGround/BackGround/ActionBackGround/Park.jpg
  artifactKey: Guid(9015a36c7ef34734da93e27a76b5a04b) Importer(815301076,1909f56bfc062723c751e8b465ee728b)
Start importing Assets/BackGround/BackGround/ActionBackGround/Park.jpg using Guid(9015a36c7ef34734da93e27a76b5a04b) Importer(815301076,1909f56bfc062723c751e8b465ee728b)  -> (artifact id: '03d3f44c8455dfa0de31c96dd4a4d5d4') in 0.024016 seconds 
  Import took 0.030962 seconds .

========================================================================
Received Import Request.
  Time since last request: 501.554750 seconds.
  path: Assets/BackGround/BackGround/ActionBackGround/Suizokukan.jpg
  artifactKey: Guid(637d3d95c6f91da45a0aa62e2f8b9954) Importer(815301076,1909f56bfc062723c751e8b465ee728b)
Start importing Assets/BackGround/BackGround/ActionBackGround/Suizokukan.jpg using Guid(637d3d95c6f91da45a0aa62e2f8b9954) Importer(815301076,1909f56bfc062723c751e8b465ee728b)  -> (artifact id: '47fedf81440e1f1eefc0817e24ac4ff2') in 0.022368 seconds 
  Import took 0.029453 seconds .

========================================================================
Received Import Request.
  Time since last request: 219.236576 seconds.
  path: Assets/BackGround/BackGround/ActionBackGround/Shopping.jpg
  artifactKey: Guid(29875eb9b121c604989d0d8b3af6d87b) Importer(815301076,1909f56bfc062723c751e8b465ee728b)
Start importing Assets/BackGround/BackGround/ActionBackGround/Shopping.jpg using Guid(29875eb9b121c604989d0d8b3af6d87b) Importer(815301076,1909f56bfc062723c751e8b465ee728b)  -> (artifact id: 'ae7e2b4725a6387a7086d8fed4d4f570') in 0.021504 seconds 
  Import took 0.028832 seconds .

========================================================================
Received Import Request.
  Time since last request: 544.025998 seconds.
  path: Assets/BackGround/BackGround/ActionBackGround/Lottery.png
  artifactKey: Guid(c18f8f548d4864e4682622256adadfc8) Importer(815301076,1909f56bfc062723c751e8b465ee728b)
Start importing Assets/BackGround/BackGround/ActionBackGround/Lottery.png using Guid(c18f8f548d4864e4682622256adadfc8) Importer(815301076,1909f56bfc062723c751e8b465ee728b)  -> (artifact id: '0c6f9d92e2903da54f295b9596dad1c2') in 0.091394 seconds 
  Import took 0.100532 seconds .

========================================================================
Received Import Request.
  Time since last request: 453.275320 seconds.
  path: Assets/Script/DialogueManejer.cs
  artifactKey: Guid(47cf0f39e4c6fab449929c9a14025f53) Importer(815301076,1909f56bfc062723c751e8b465ee728b)
Start importing Assets/Script/DialogueManejer.cs using Guid(47cf0f39e4c6fab449929c9a14025f53) Importer(815301076,1909f56bfc062723c751e8b465ee728b)  -> (artifact id: 'b8b0223f8d550f8f1cf3f9b7e26f247a') in 0.017122 seconds 
  Import took 0.021417 seconds .

========================================================================
Received Import Request.
  Time since last request: 194.533381 seconds.
  path: Assets/BackGround/BackGround/ActionBackGround/MidiumCrime.jpg
  artifactKey: Guid(a6b2a57ed29cbcb43aad89d567dfa347) Importer(815301076,1909f56bfc062723c751e8b465ee728b)
Start importing Assets/BackGround/BackGround/ActionBackGround/MidiumCrime.jpg using Guid(a6b2a57ed29cbcb43aad89d567dfa347) Importer(815301076,1909f56bfc062723c751e8b465ee728b)  -> (artifact id: '05bfeac2b1effc9916890e802bb67dd1') in 0.023864 seconds 
  Import took 0.031176 seconds .

========================================================================
Received Import Request.
  Time since last request: 14.887916 seconds.
  path: Assets/BackGround/BackGround/ActionBackGround/LightCrime.jpg
  artifactKey: Guid(78b53764119a7b145b4911db867d1aca) Importer(815301076,1909f56bfc062723c751e8b465ee728b)
Start importing Assets/BackGround/BackGround/ActionBackGround/LightCrime.jpg using Guid(78b53764119a7b145b4911db867d1aca) Importer(815301076,1909f56bfc062723c751e8b465ee728b)  -> (artifact id: '153a321592a23bac23cb95bafdc15e73') in 0.021176 seconds 
  Import took 0.028665 seconds .

========================================================================
Received Import Request.
  Time since last request: 84.660124 seconds.
  path: Assets/BackGround/BackGround/ActionBackGround/HeveyCrime.jpg
  artifactKey: Guid(ab7ba54b8e10e6d43ac88ba82ef38dfc) Importer(815301076,1909f56bfc062723c751e8b465ee728b)
Start importing Assets/BackGround/BackGround/ActionBackGround/HeveyCrime.jpg using Guid(ab7ba54b8e10e6d43ac88ba82ef38dfc) Importer(815301076,1909f56bfc062723c751e8b465ee728b)  -> (artifact id: '09c1c9c19bc21fc47d09ed61f4fe5cf6') in 0.020832 seconds 
  Import took 0.028802 seconds .

AssetImportWorkerClient::OnTransportError - code=2 error=End of file
